Preparing dataset.

Getting textual features as CLIP's classifier.

Loading visual features and labels from val set.

Loading visual features and labels from test set.

**** Zero-shot CLIP's test accuracy: 66.74. ****

Residual Attention Block 0: ResidualAttentionBlock(
  (attn): MultiheadAttention(
    (out_proj): NonDynamicallyQuantizableLinear(in_features=512, out_features=512, bias=True)
  )
  (ln_1): LayerNorm((512,), eps=1e-05, elementwise_affine=True)
  (mlp): Sequential(
    (c_fc): Linear(in_features=512, out_features=2048, bias=True)
    (gelu): QuickGELU()
    (c_proj): Linear(in_features=2048, out_features=512, bias=True)
  )
  (ln_2): LayerNorm((512,), eps=1e-05, elementwise_affine=True)
)
Residual Attention Block 1: ResidualAttentionBlock(
  (attn): MultiheadAttention(
    (out_proj): NonDynamicallyQuantizableLinear(in_features=512, out_features=512, bias=True)
  )
  (ln_1): LayerNorm((512,), eps=1e-05, elementwise_affine=True)
  (mlp): Sequential(
    (c_fc): Linear(in_features=512, out_features=2048, bias=True)
    (gelu): QuickGELU()
    (c_proj): Linear(in_features=2048, out_features=512, bias=True)
  )
  (ln_2): LayerNorm((512,), eps=1e-05, elementwise_affine=True)
)
Residual Attention Block 2: ResidualAttentionBlock(
  (attn): MultiheadAttention(
    (out_proj): NonDynamicallyQuantizableLinear(in_features=512, out_features=512, bias=True)
  )
  (ln_1): LayerNorm((512,), eps=1e-05, elementwise_affine=True)
  (mlp): Sequential(
    (c_fc): Linear(in_features=512, out_features=2048, bias=True)
    (gelu): QuickGELU()
    (c_proj): Linear(in_features=2048, out_features=512, bias=True)
  )
  (ln_2): LayerNorm((512,), eps=1e-05, elementwise_affine=True)
)
Residual Attention Block 3: ResidualAttentionBlock(
  (attn): MultiheadAttention(
    (out_proj): NonDynamicallyQuantizableLinear(in_features=512, out_features=512, bias=True)
  )
  (ln_1): LayerNorm((512,), eps=1e-05, elementwise_affine=True)
  (mlp): Sequential(
    (c_fc): Linear(in_features=512, out_features=2048, bias=True)
    (gelu): QuickGELU()
    (c_proj): Linear(in_features=2048, out_features=512, bias=True)
  )
  (ln_2): LayerNorm((512,), eps=1e-05, elementwise_affine=True)
)
Residual Attention Block 4: ResidualAttentionBlock(
  (attn): MultiheadAttention(
    (out_proj): NonDynamicallyQuantizableLinear(in_features=512, out_features=512, bias=True)
  )
  (ln_1): LayerNorm((512,), eps=1e-05, elementwise_affine=True)
  (mlp): Sequential(
    (c_fc): Linear(in_features=512, out_features=2048, bias=True)
    (gelu): QuickGELU()
    (c_proj): Linear(in_features=2048, out_features=512, bias=True)
  )
  (ln_2): LayerNorm((512,), eps=1e-05, elementwise_affine=True)
)
Residual Attention Block 5: ResidualAttentionBlock(
  (attn): MultiheadAttention(
    (out_proj): NonDynamicallyQuantizableLinear(in_features=512, out_features=512, bias=True)
  )
  (ln_1): LayerNorm((512,), eps=1e-05, elementwise_affine=True)
  (mlp): Sequential(
    (c_fc): Linear(in_features=512, out_features=2048, bias=True)
    (gelu): QuickGELU()
    (c_proj): Linear(in_features=2048, out_features=512, bias=True)
  )
  (ln_2): LayerNorm((512,), eps=1e-05, elementwise_affine=True)
)
Residual Attention Block 6: ResidualAttentionBlock(
  (attn): MultiheadAttention(
    (out_proj): NonDynamicallyQuantizableLinear(in_features=512, out_features=512, bias=True)
  )
  (ln_1): LayerNorm((512,), eps=1e-05, elementwise_affine=True)
  (mlp): Sequential(
    (c_fc): Linear(in_features=512, out_features=2048, bias=True)
    (gelu): QuickGELU()
    (c_proj): Linear(in_features=2048, out_features=512, bias=True)
  )
  (ln_2): LayerNorm((512,), eps=1e-05, elementwise_affine=True)
)
Residual Attention Block 7: ResidualAttentionBlock(
  (attn): MultiheadAttention(
    (out_proj): NonDynamicallyQuantizableLinear(in_features=512, out_features=512, bias=True)
  )
  (ln_1): LayerNorm((512,), eps=1e-05, elementwise_affine=True)
  (mlp): Sequential(
    (c_fc): Linear(in_features=512, out_features=2048, bias=True)
    (gelu): QuickGELU()
    (c_proj): Linear(in_features=2048, out_features=512, bias=True)
  )
  (ln_2): LayerNorm((512,), eps=1e-05, elementwise_affine=True)
)
Residual Attention Block 8: ResidualAttentionBlock(
  (attn): MultiheadAttention(
    (out_proj): NonDynamicallyQuantizableLinear(in_features=512, out_features=512, bias=True)
  )
  (ln_1): LayerNorm((512,), eps=1e-05, elementwise_affine=True)
  (mlp): Sequential(
    (c_fc): Linear(in_features=512, out_features=2048, bias=True)
    (gelu): QuickGELU()
    (c_proj): Linear(in_features=2048, out_features=512, bias=True)
  )
  (ln_2): LayerNorm((512,), eps=1e-05, elementwise_affine=True)
)
Residual Attention Block 9: ResidualAttentionBlock(
  (attn): MultiheadAttention(
    (out_proj): NonDynamicallyQuantizableLinear(in_features=512, out_features=512, bias=True)
  )
  (ln_1): LayerNorm((512,), eps=1e-05, elementwise_affine=True)
  (mlp): Sequential(
    (c_fc): Linear(in_features=512, out_features=2048, bias=True)
    (gelu): QuickGELU()
    (c_proj): Linear(in_features=2048, out_features=512, bias=True)
  )
  (ln_2): LayerNorm((512,), eps=1e-05, elementwise_affine=True)
)
Residual Attention Block 10: ResidualAttentionBlock(
  (attn): MultiheadAttention(
    (out_proj): NonDynamicallyQuantizableLinear(in_features=512, out_features=512, bias=True)
  )
  (ln_1): LayerNorm((512,), eps=1e-05, elementwise_affine=True)
  (mlp): Sequential(
    (c_fc): Linear(in_features=512, out_features=2048, bias=True)
    (gelu): QuickGELU()
    (c_proj): Linear(in_features=2048, out_features=512, bias=True)
  )
  (ln_2): LayerNorm((512,), eps=1e-05, elementwise_affine=True)
)
Residual Attention Block 11: ResidualAttentionBlock(
  (attn): MultiheadAttention(
    (out_proj): NonDynamicallyQuantizableLinear(in_features=512, out_features=512, bias=True)
  )
  (ln_1): LayerNorm((512,), eps=1e-05, elementwise_affine=True)
  (mlp): Sequential(
    (c_fc): Linear(in_features=512, out_features=2048, bias=True)
    (gelu): QuickGELU()
    (c_proj): Linear(in_features=2048, out_features=512, bias=True)
  )
  (ln_2): LayerNorm((512,), eps=1e-05, elementwise_affine=True)
)
Residual Attention Block 0: ResidualAttentionBlock(
  (attn): MultiheadAttention(
    (out_proj): NonDynamicallyQuantizableLinear(in_features=768, out_features=768, bias=True)
  )
  (ln_1): LayerNorm((768,), eps=1e-05, elementwise_affine=True)
  (mlp): Sequential(
    (c_fc): Linear(in_features=768, out_features=3072, bias=True)
    (gelu): QuickGELU()
    (c_proj): Linear(in_features=3072, out_features=768, bias=True)
  )
  (ln_2): LayerNorm((768,), eps=1e-05, elementwise_affine=True)
)
Residual Attention Block 1: ResidualAttentionBlock(
  (attn): MultiheadAttention(
    (out_proj): NonDynamicallyQuantizableLinear(in_features=768, out_features=768, bias=True)
  )
  (ln_1): LayerNorm((768,), eps=1e-05, elementwise_affine=True)
  (mlp): Sequential(
    (c_fc): Linear(in_features=768, out_features=3072, bias=True)
    (gelu): QuickGELU()
    (c_proj): Linear(in_features=3072, out_features=768, bias=True)
  )
  (ln_2): LayerNorm((768,), eps=1e-05, elementwise_affine=True)
)
Residual Attention Block 2: ResidualAttentionBlock(
  (attn): MultiheadAttention(
    (out_proj): NonDynamicallyQuantizableLinear(in_features=768, out_features=768, bias=True)
  )
  (ln_1): LayerNorm((768,), eps=1e-05, elementwise_affine=True)
  (mlp): Sequential(
    (c_fc): Linear(in_features=768, out_features=3072, bias=True)
    (gelu): QuickGELU()
    (c_proj): Linear(in_features=3072, out_features=768, bias=True)
  )
  (ln_2): LayerNorm((768,), eps=1e-05, elementwise_affine=True)
)
Residual Attention Block 3: ResidualAttentionBlock(
  (attn): MultiheadAttention(
    (out_proj): NonDynamicallyQuantizableLinear(in_features=768, out_features=768, bias=True)
  )
  (ln_1): LayerNorm((768,), eps=1e-05, elementwise_affine=True)
  (mlp): Sequential(
    (c_fc): Linear(in_features=768, out_features=3072, bias=True)
    (gelu): QuickGELU()
    (c_proj): Linear(in_features=3072, out_features=768, bias=True)
  )
  (ln_2): LayerNorm((768,), eps=1e-05, elementwise_affine=True)
)
Residual Attention Block 4: ResidualAttentionBlock(
  (attn): MultiheadAttention(
    (out_proj): NonDynamicallyQuantizableLinear(in_features=768, out_features=768, bias=True)
  )
  (ln_1): LayerNorm((768,), eps=1e-05, elementwise_affine=True)
  (mlp): Sequential(
    (c_fc): Linear(in_features=768, out_features=3072, bias=True)
    (gelu): QuickGELU()
    (c_proj): Linear(in_features=3072, out_features=768, bias=True)
  )
  (ln_2): LayerNorm((768,), eps=1e-05, elementwise_affine=True)
)
Residual Attention Block 5: ResidualAttentionBlock(
  (attn): MultiheadAttention(
    (out_proj): NonDynamicallyQuantizableLinear(in_features=768, out_features=768, bias=True)
  )
  (ln_1): LayerNorm((768,), eps=1e-05, elementwise_affine=True)
  (mlp): Sequential(
    (c_fc): Linear(in_features=768, out_features=3072, bias=True)
    (gelu): QuickGELU()
    (c_proj): Linear(in_features=3072, out_features=768, bias=True)
  )
  (ln_2): LayerNorm((768,), eps=1e-05, elementwise_affine=True)
)
Residual Attention Block 6: ResidualAttentionBlock(
  (attn): MultiheadAttention(
    (out_proj): NonDynamicallyQuantizableLinear(in_features=768, out_features=768, bias=True)
  )
  (ln_1): LayerNorm((768,), eps=1e-05, elementwise_affine=True)
  (mlp): Sequential(
    (c_fc): Linear(in_features=768, out_features=3072, bias=True)
    (gelu): QuickGELU()
    (c_proj): Linear(in_features=3072, out_features=768, bias=True)
  )
  (ln_2): LayerNorm((768,), eps=1e-05, elementwise_affine=True)
)
Residual Attention Block 7: ResidualAttentionBlock(
  (attn): MultiheadAttention(
    (out_proj): NonDynamicallyQuantizableLinear(in_features=768, out_features=768, bias=True)
  )
  (ln_1): LayerNorm((768,), eps=1e-05, elementwise_affine=True)
  (mlp): Sequential(
    (c_fc): Linear(in_features=768, out_features=3072, bias=True)
    (gelu): QuickGELU()
    (c_proj): Linear(in_features=3072, out_features=768, bias=True)
  )
  (ln_2): LayerNorm((768,), eps=1e-05, elementwise_affine=True)
)
Residual Attention Block 8: ResidualAttentionBlock(
  (attn): MultiheadAttention(
    (out_proj): NonDynamicallyQuantizableLinear(in_features=768, out_features=768, bias=True)
  )
  (ln_1): LayerNorm((768,), eps=1e-05, elementwise_affine=True)
  (mlp): Sequential(
    (c_fc): Linear(in_features=768, out_features=3072, bias=True)
    (gelu): QuickGELU()
    (c_proj): Linear(in_features=3072, out_features=768, bias=True)
  )
  (ln_2): LayerNorm((768,), eps=1e-05, elementwise_affine=True)
)
Residual Attention Block 9: ResidualAttentionBlock(
  (attn): MultiheadAttention(
    (out_proj): NonDynamicallyQuantizableLinear(in_features=768, out_features=768, bias=True)
  )
  (ln_1): LayerNorm((768,), eps=1e-05, elementwise_affine=True)
  (mlp): Sequential(
    (c_fc): Linear(in_features=768, out_features=3072, bias=True)
    (gelu): QuickGELU()
    (c_proj): Linear(in_features=3072, out_features=768, bias=True)
  )
  (ln_2): LayerNorm((768,), eps=1e-05, elementwise_affine=True)
)
Residual Attention Block 10: ResidualAttentionBlock(
  (attn): MultiheadAttention(
    (out_proj): NonDynamicallyQuantizableLinear(in_features=768, out_features=768, bias=True)
  )
  (ln_1): LayerNorm((768,), eps=1e-05, elementwise_affine=True)
  (mlp): Sequential(
    (c_fc): Linear(in_features=768, out_features=3072, bias=True)
    (gelu): QuickGELU()
    (c_proj): Linear(in_features=3072, out_features=768, bias=True)
  )
  (ln_2): LayerNorm((768,), eps=1e-05, elementwise_affine=True)
)
Residual Attention Block 11: ResidualAttentionBlock(
  (attn): MultiheadAttention(
    (out_proj): NonDynamicallyQuantizableLinear(in_features=768, out_features=768, bias=True)
  )
  (ln_1): LayerNorm((768,), eps=1e-05, elementwise_affine=True)
  (mlp): Sequential(
    (c_fc): Linear(in_features=768, out_features=3072, bias=True)
    (gelu): QuickGELU()
    (c_proj): Linear(in_features=3072, out_features=768, bias=True)
  )
  (ln_2): LayerNorm((768,), eps=1e-05, elementwise_affine=True)
)
LR: 0.000199, Acc: 61.4625, Loss: 1.5673
LR: 0.000197, Acc: 63.2062, Loss: 1.4861
LR: 0.000192, Acc: 64.9188, Loss: 1.4020
LR: 0.000187, Acc: 65.9313, Loss: 1.3641
LR: 0.000179, Acc: 66.4875, Loss: 1.3330
LR: 0.000171, Acc: 67.7250, Loss: 1.2747
LR: 0.000161, Acc: 68.4437, Loss: 1.2299
LR: 0.000150, Acc: 68.7812, Loss: 1.2197
LR: 0.000139, Acc: 69.9313, Loss: 1.1786
LR: 0.000126, Acc: 70.0312, Loss: 1.1678
LR: 0.000113, Acc: 70.1688, Loss: 1.1595
LR: 0.000101, Acc: 70.6063, Loss: 1.1349
LR: 0.000088, Acc: 71.2125, Loss: 1.1221
LR: 0.000075, Acc: 71.5187, Loss: 1.1043
LR: 0.000062, Acc: 71.7313, Loss: 1.0852
LR: 0.000051, Acc: 72.2313, Loss: 1.0879
LR: 0.000040, Acc: 72.2500, Loss: 1.0840
LR: 0.000030, Acc: 72.1375, Loss: 1.0789
LR: 0.000022, Acc: 72.0375, Loss: 1.0845
LR: 0.000014, Acc: 72.9437, Loss: 1.0531
LR: 0.000009, Acc: 72.5812, Loss: 1.0625
LR: 0.000004, Acc: 72.6688, Loss: 1.0586
LR: 0.000002, Acc: 72.4562, Loss: 1.0663
**** Final test accuracy: 73.20. ****
